Diagnose log at 2022-06-06T21:38:35Z

Executable: C:\Program Files\Git\mingw64\libexec\git-core\git-credential-manager-core.exe
Version: 2.0.696+4365b917da

------------
Diagnostic: Environment
Skipped: False
Success: True
Exception: None
Log:
OSType: Windows
OSVersion: 10.0 (build 22000)
Reading environment variables... OK
 Variables:
HOMEPATH=\Users\32484
DriverData=C:\Windows\System32\Drivers\DriverData
COMPUTERNAME=YOUSSEF-HOME
MSYSTEM=MINGW64
CommonProgramFiles(x86)=C:\Program Files (x86)\Common Files
OneDrive=C:\Users\32484\OneDrive
WT_PROFILE_ID={61c54bbd-c2c6-5271-96e7-009a87ff44bf}
ProgramFiles(x86)=C:\Program Files (x86)
CONFIG_SITE=C:/Program Files/Git/etc/config.site
PROCESSOR_REVISION=7100
USERDOMAIN=YOUSSEF-HOME
PATHEXT=.COM;.EXE;.BAT;.CMD;.VBS;.VBE;.JS;.JSE;.WSF;.WSH;.MSC;.CPL
ORIGINAL_TEMP=C:/Users/32484/AppData/Local/Temp
USERNAME=32484
MINGW_PREFIX=C:/Program Files/Git/mingw64
GIT_ASKPASS=c:\Users\32484\AppData\Local\Programs\Microsoft VS Code\resources\app\extensions\git\dist\askpass.sh
GIT_EXEC_PATH=C:/Program Files/Git/mingw64/libexec/git-core
ACLOCAL_PATH=C:\Program Files\Git\mingw64\share\aclocal;C:\Program Files\Git\usr\share\aclocal
TEMP=C:\Users\32484\AppData\Local\Temp
LOCALAPPDATA=C:\Users\32484\AppData\Local
MANPATH=C:\Program Files\Git\mingw64\local\man;C:\Program Files\Git\mingw64\share\man;C:\Program Files\Git\usr\local\man;C:\Program Files\Git\usr\share\man;C:\Program Files\Git\usr\man;C:\Program Files\Git\share\man
TERM=xterm-256color
PROCESSOR_IDENTIFIER=AMD64 Family 23 Model 113 Stepping 0, AuthenticAMD
MSYSTEM_CARCH=x86_64
PROGRAMFILES=C:\Program Files (x86)
ProgramData=C:\ProgramData
TERM_PROGRAM_VERSION=1.67.2
ORIGINAL_TMP=C:/Users/32484/AppData/Local/Temp
SYSTEMROOT=C:\WINDOWS
TERM_PROGRAM=vscode
PROCESSOR_LEVEL=23
NUMBER_OF_PROCESSORS=16
SSH_ASKPASS=C:/Program Files/Git/mingw64/bin/git-askpass.exe
SHLVL=1
APPDATA=C:\Users\32484\AppData\Roaming
PROMPT=$P$G
VSCODE_GIT_ASKPASS_MAIN=c:\Users\32484\AppData\Local\Programs\Microsoft VS Code\resources\app\extensions\git\dist\askpass-main.js
PSModulePath=C:\Users\32484\Documents\WindowsPowerShell\Modules;C:\Program Files\WindowsPowerShell\Modules;C:\WINDOWS\system32\WindowsPowerShell\v1.0\Modules
PUBLIC=C:\Users\Public
VSCODE_GIT_IPC_HANDLE=\\.\pipe\vscode-git-38bc47f014-sock
HOSTNAME=Youssef-Home
PKG_CONFIG_PATH=C:\Program Files\Git\mingw64\lib\pkgconfig;C:\Program Files\Git\mingw64\share\pkgconfig
WT_SESSION=0d8637c2-6673-4a33-bdf6-d26cfb2fbd58
MSYSTEM_PREFIX=C:/Program Files/Git/mingw64
CHROME_CRASHPAD_PIPE_NAME=\\.\pipe\crashpad_10752_UWUVRXUVTESTJMOD
PLINK_PROTOCOL=ssh
COLORTERM=truecolor
ProgramW6432=C:\Program Files
PATH=C:/Program Files/Git/mingw64/libexec/git-core;C:\Users\32484\bin;C:\Program Files\Git\mingw64\bin;C:\Program Files\Git\usr\local\bin;C:\Program Files\Git\usr\bin;C:\Program Files\Git\usr\bin;C:\Program Files\Git\mingw64\bin;C:\Program Files\Git\usr\bin;C:\Users\32484\bin;C:\WINDOWS\system32;C:\WINDOWS;C:\WINDOWS\System32\Wbem;C:\WINDOWS\System32\WindowsPowerShell\v1.0;C:\WINDOWS\System32\OpenSSH;C:\Program Files\NVIDIA Corporation\NVIDIA NvDLISR;C:\Program Files\nodejs;C:\Program Files\Git\cmd;C:\Program Files\MongoDB\Server\5.0\bin;C:\Program Files (x86)\NVIDIA Corporation\PhysX\Common;C:\Users\32484\AppData\Local\Microsoft\WindowsApps;C:\Users\32484\AppData\Local\Programs\Microsoft VS Code\bin;C:\Users\32484\AppData\Roaming\npm;C:\Program Files\heroku\bin;C:\Program Files\Git\usr\bin\vendor_perl;C:\Program Files\Git\usr\bin\core_perl
MINGW_CHOST=x86_64-w64-mingw32
WSLENV=WT_SESSION::WT_PROFILE_ID
VSCODE_GIT_ASKPASS_EXTRA_ARGS=--ms-enable-electron-run-as-node
VSCODE_GIT_ASKPASS_NODE=C:\Users\32484\AppData\Local\Programs\Microsoft VS Code\Code.exe
TMPDIR=C:\Users\32484\AppData\Local\Temp
TMP=C:\Users\32484\AppData\Local\Temp
ORIGINAL_XDG_CURRENT_DESKTOP=undefined
SHELL=C:\Program Files\Git\usr\bin\bash.exe
HOME=C:\Users\32484
MSYSTEM_CHOST=x86_64-w64-mingw32
COMSPEC=C:\WINDOWS\system32\cmd.exe
LOGONSERVER=\\YOUSSEF-HOME
APPLICATION_INSIGHTS_NO_DIAGNOSTIC_CHANNEL=true
USERPROFILE=C:\Users\32484
DISPLAY=needs-to-be-defined
COMMONPROGRAMFILES=C:\Program Files (x86)\Common Files
WINDIR=C:\WINDOWS
_=C:/Program Files/Git/mingw64/bin/git
USERDOMAIN_ROAMINGPROFILE=YOUSSEF-HOME
CommonProgramW6432=C:\Program Files\Common Files
HOMEDRIVE=C:
INFOPATH=C:\Program Files\Git\usr\local\info;C:\Program Files\Git\usr\share\info;C:\Program Files\Git\usr\info;C:\Program Files\Git\share\info
MINGW_PACKAGE_PREFIX=mingw-w64-x86_64
SYSTEMDRIVE=C:
PWD=C:/Users/32484/Desktop/tsworking
EXEPATH=C:\Program Files\Git\bin
LANG=en_US.UTF-8
PROCESSOR_ARCHITEW6432=AMD64
ORIGINAL_PATH=C:\Program Files\Git\mingw64\bin;C:\Program Files\Git\usr\bin;C:\Users\32484\bin;C:\WINDOWS\system32;C:\WINDOWS;C:\WINDOWS\System32\Wbem;C:\WINDOWS\System32\WindowsPowerShell\v1.0;C:\WINDOWS\System32\OpenSSH;C:\Program Files\NVIDIA Corporation\NVIDIA NvDLISR;C:\Program Files\nodejs;C:\Program Files\Git\cmd;C:\Program Files\MongoDB\Server\5.0\bin;C:\Program Files (x86)\NVIDIA Corporation\PhysX\Common;C:\Users\32484\AppData\Local\Microsoft\WindowsApps;C:\Users\32484\AppData\Local\Programs\Microsoft VS Code\bin;C:\Users\32484\AppData\Roaming\npm;C:\Program Files\heroku\bin
PROCESSOR_ARCHITECTURE=x86
PS1=\[\033]0;$TITLEPREFIX:$PWD\007\]\n\[\033[32m\]\u@\h \[\033[35m\]$MSYSTEM \[\033[33m\]\w\[\033[36m\]`__git_ps1`\[\033[0m\]\n$ 
OS=Windows_NT
OneDriveConsumer=C:\Users\32484\OneDrive
ALLUSERSPROFILE=C:\ProgramData


------------
Diagnostic: File system
Skipped: False
Success: True
Exception: None
Log:
Temporary directory is 'C:\Users\32484\AppData\Local\Temp\'...
Checking basic file I/O...
Writing to temporary file 'C:\Users\32484\AppData\Local\Temp\788b4002a25b6bb3808e439c'... OK
Reading from temporary file 'C:\Users\32484\AppData\Local\Temp\788b4002a25b6bb3808e439c'... OK
Deleting temporary file 'C:\Users\32484\AppData\Local\Temp\788b4002a25b6bb3808e439c'... OK
Testing IFileSystem instance...
UserHomePath: C:\Users\32484
UserDataDirectoryPath: C:\Users\32484\.gcm
GetCurrentDirectory(): C:\Users\32484\Desktop\tsworking

------------
Diagnostic: Networking
Skipped: False
Success: True
Exception: None
Log:
Checking basic networking and HTTP stack...
Creating HTTP client... OK
IsNetworkAvailable: True
Sending HEAD request to http://example.com... OK
Sending HEAD request to https://example.com... OK
Acquiring free TCP port... OK
Testing local HTTP loopback connections...
Creating new HTTP listener for http://localhost:52900/... OK
Waiting for loopback connection... OK
Writing response... OK
Waiting for response data... OK
Loopback connection data OK
Testing with IHttpClientFactory created HTTP client...
Creating HTTP client... OK
IsNetworkAvailable: True
Sending HEAD request to http://example.com... OK
Sending HEAD request to https://example.com... OK
Acquiring free TCP port... OK
Testing local HTTP loopback connections...
Creating new HTTP listener for http://localhost:52902/... OK
Waiting for loopback connection... OK
Writing response... OK
Waiting for response data... OK
Loopback connection data OK

------------
Diagnostic: Git
Skipped: False
Success: True
Exception: None
Log:
Getting Git version... OK
Git version is '2.36.0.windows.1'
Locating current repository... OK
Git repository at 'C:/Users/32484/Desktop/tsworking/.git'
Listing all Git configuration... OK
Git configuration:
file:C:/Program Files/Git/etc/gitconfig	diff.astextplain.textconv=astextplain
file:C:/Program Files/Git/etc/gitconfig	filter.lfs.clean=git-lfs clean -- %f
file:C:/Program Files/Git/etc/gitconfig	filter.lfs.smudge=git-lfs smudge -- %f
file:C:/Program Files/Git/etc/gitconfig	filter.lfs.process=git-lfs filter-process
file:C:/Program Files/Git/etc/gitconfig	filter.lfs.required=true
file:C:/Program Files/Git/etc/gitconfig	http.sslbackend=openssl
file:C:/Program Files/Git/etc/gitconfig	http.sslcainfo=C:/Program Files/Git/mingw64/ssl/certs/ca-bundle.crt
file:C:/Program Files/Git/etc/gitconfig	core.autocrlf=true
file:C:/Program Files/Git/etc/gitconfig	core.fscache=true
file:C:/Program Files/Git/etc/gitconfig	core.symlinks=false
file:C:/Program Files/Git/etc/gitconfig	pull.rebase=false
file:C:/Program Files/Git/etc/gitconfig	credential.helper=manager-core
file:C:/Program Files/Git/etc/gitconfig	credential.https://dev.azure.com.usehttppath=true
file:C:/Program Files/Git/etc/gitconfig	init.defaultbranch=master
file:C:/Users/32484/.gitconfig	filter.lfs.clean=git-lfs clean -- %f
file:C:/Users/32484/.gitconfig	filter.lfs.smudge=git-lfs smudge -- %f
file:C:/Users/32484/.gitconfig	filter.lfs.process=git-lfs filter-process
file:C:/Users/32484/.gitconfig	filter.lfs.required=true
file:C:/Users/32484/.gitconfig	user.name=Youssef Benali
file:C:/Users/32484/.gitconfig	user.email=youssef.benali294@gmail.com
file:C:/Users/32484/.gitconfig	core.editor="C:\Users\32484\AppData\Local\Programs\Microsoft VS Code\bin\code" --wait
file:C:/Users/32484/.gitconfig	core.autocrlf=true
file:.git/config	core.repositoryformatversion=0
file:.git/config	core.filemode=false
file:.git/config	core.bare=false
file:.git/config	core.logallrefupdates=true
file:.git/config	core.symlinks=false
file:.git/config	core.ignorecase=true
file:.git/config	remote.origin.url=https://github.com/Youssef-Benali/tsworking.git
file:.git/config	remote.origin.fetch=+refs/heads/*:refs/remotes/origin/*


------------
Diagnostic: Credential storage
Skipped: False
Success: True
Exception: None
Log:
ICredentialStore instance is of type: CredentialStore
Writing test credential... OK
Reading test credential... OK
Deleting test credential... OK

------------
Diagnostic: Microsoft authentication (AAD/MSA)
Skipped: False
Success: True
Exception: None
Log:
Broker not supported.
Flow type is: Auto
Gathering MSAL token cache data... OK
CacheDirectory: C:\Users\32484\AppData\Local\.IdentityService
CacheFileName: msal.cache
CacheFilePath: C:\Users\32484\AppData\Local\.IdentityService\msal.cache
Creating cache helper... OK
Verifying MSAL token cache persistence... OK

------------
Diagnostic: GitHub API
Skipped: False
Success: True
Exception: None
Log:
Using 'https://github.com/' as API target.
Querying '/meta' endpoint... OK

